Files: *
Copyright: 2013-2018, Blaine Bublitz <blaine.bublitz@gmail.com>, Eric Schoffstall <yo@contra.io> and other contributors
License: Expat

Files: ansi-colors/*
Copyright: 2015-2017, Brian Woodward.
License: Expat

Files: ansi-wrap/*
Copyright: 2014-2018, Jon Schlinkert.
License: Expat

Files: arr-filter/*
Copyright: 2014, 2015, 2017, Jon Schlinkert
License: Expat

Files: arr-filter/index.js
Copyright: 2014-2018, Jon Schlinkert.
License: Expat

Files: arr-map/*
Copyright: 2014, 2015, 2017, Jon Schlinkert
License: Expat

Files: arr-map/index.js
Copyright: 2014-2018, Jon Schlinkert.
License: Expat

Files: array-each/*
Copyright: 2014, 2015, 2017, Jon Schlinkert
License: Expat

Files: array-each/index.js
Copyright: 2014-2018, Jon Schlinkert.
License: Expat

Files: array-initial/*
Copyright: 2014, 2015, 2017, Jon Schlinkert
License: Expat

Files: array-initial/index.js
Copyright: 2014, Jon Schlinkert, contributors.
License: Expat

Files: array-last/*
Copyright: 2014-2018, Jon Schlinkert.
License: Expat

Files: array-slice/*
Copyright: 2014-2018, Jon Schlinkert.
License: Expat

Files: array-sort/*
Copyright: 2014-2018, Jon Schlinkert.
License: Expat

Files: async-done/*
Copyright: 2014, 2015, Blaine Bublitz, Eric Schoffstall and other contributors
License: Expat

Files: async-settle/*
Copyright: 2014, 2015, Blaine Bublitz, Eric Schoffstall and other contributors
License: Expat

Files: bach/*
Copyright: 2014, 2015, Blaine Bublitz, Eric Schoffstall and other contributors
License: Expat

Files: collection-map/*
Copyright: 2014, 2015, 2017, Jon Schlinkert
License: Expat

Files: collection-map/index.js
Copyright: 2014-2018, Jon Schlinkert.
License: Expat

Files: color-support/*
Copyright: Isaac Z. Schlueter and Contributors
License: ISC

Files: copy-props/*
Copyright: 2016, Takayuki Sato
License: Expat

Files: default-compare/*
Copyright: 2015-2017, Brian Woodward.
License: Expat

Files: default-resolution/*
Copyright: 2014, 2015, Blaine Bublitz, Eric Schoffstall and other contributors
License: Expat

Files: each-props/*
Copyright: 2016, Takayuki Sato
License: Expat

Files: gulp-cli/*
Copyright: 2014, 2015, Blaine Bublitz, Eric Schoffstall and other contributors
License: Expat

Files: gulp-cli/completion/*
Copyright: 2012, Tyler Kellen, contributors
License: Expat

Files: gulp-cli/completion/powershell
Copyright: 2014, Jason Jarrett
License: UNKNOWN

Files: homedir-polyfill/*
Copyright: 2016, Brian Woodward
License: Expat

Files: is-absolute/*
Copyright: 2014-2017, Jon Schlinkert.
 2009-2014, TJ Holowaychuk
License: Expat

Files: is-relative/*
Copyright: 2014-2018, Jon Schlinkert.
License: Expat

Files: just-debounce/*
Copyright: 2014, Michael Hayes
License: Expat

Files: last-run/*
Copyright: 2014, 2015, Blaine Bublitz, Eric Schoffstall and other contributors
License: Expat

Files: make-iterator/*
Copyright: 2012, 2013, moutjs team and contributors (http:moutjs.com)
2014-2018, Jon Schlinkert.
License: Expat

Files: make-iterator/README.md
Copyright: 2012, 2013, moutjs team and contributors (http:moutjs.com)
License: UNKNOWN

Files: make-iterator/index.js
Copyright: 2014-2018, Jon Schlinkert.
License: Expat

Files: matchdep/*
Copyright: 2012, Tyler Kellen
License: Expat

Files: mute-stdout/*
Copyright: 2015, 2018, Blaine Bublitz <blaine.bublitz@gmail.com> and Eric Schoffstall <yo@contra.io>
License: Expat

Files: now-and-later/*
Copyright: 2014, 2015, Blaine Bublitz, Eric Schoffstall and other contributors
License: Expat

Files: object-defaults/*
Copyright: 2014, 2015, 2017, Jon Schlinkert
License: Expat

Files: object-defaults/index.js
Copyright: 2014-2018, Jon Schlinkert.
License: Expat

Files: object-reduce/*
Copyright: 2014, 2015, 2017, Jon Schlinkert
License: Expat

Files: object-reduce/index.js
Copyright: 2014-2018, Jon Schlinkert.
License: Expat

Files: stack-trace/*
Copyright: 2011, Felix Geisendörfer (felix@debuggable.com)
License: Expat

Files: sver-compat/*
Copyright: 2017, Guy Bedford
License: Expat

Files: undertaker/*
Copyright: 2014, 2015, Blaine Bublitz, Eric Schoffstall and other contributors
License: Expat

Files: yargs/*
Copyright: 2014, Contributors (ben@npmjs.com)
 2010, James Halliday (mail@substack.net)
License: Expat

Files: yargs/lib/*
Copyright: 2011, Andrei Mackenzie
License: Expat

