Files: *
Copyright: 2002-2015, OpenNebula Project (OpenNebula.org), C12G Labs
License: Apache-2.0

Files: NOTICE
Copyright: 2002-2015, OpenNebula Project, OpenNebula Systems (formerly C12G Labs)
License: Apache-2.0

Files: debian/*
Copyright: OpenNebula is Copyright 2002-2010, Distributed Systems Architecture Group, Universidad
License: UNKNOWN

Files: debian/manpages/sunstone-server.1
Copyright: OpenNebula is Copyright 2002-2011, Distributed Systems Architecture Group, Universidad
License: UNKNOWN

Files: share/pkgs/*
Copyright: no-info-found
License: Apache-2.0

Files: share/vendor/*
Copyright: 2010, 2011, VMware, Inc.
License: Expat

Files: share/vendor/ruby/gems/rbvmomi/lib/*
Copyright: 2010-2012, VMware, Inc.
License: UNKNOWN

Files: share/vendor/ruby/gems/rbvmomi/lib/rbvmomi/vim/*
Copyright: 2010, 2011, VMware, Inc.
License: Expat

Files: share/websockify/*
Copyright: 2011, Joel Martin
License: UNKNOWN

Files: src/authm_mad/remotes/ldap/*
Copyright: 2010-2015, C12G Labs S.L
License: Apache-2.0

Files: src/cli/oneflow
Copyright: 2010-2015, C12G Labs S.L.
License: Apache-2.0

Files: src/cloud/ec2/lib/net_ssh_replacement.rb
Copyright: 2008, Jamis Buck
License: Expat

Files: src/cloud/marketplace/*
Copyright: 2010-2015, C12G Labs S.L
License: Apache-2.0

Files: src/flow/*
Copyright: 2010-2015, C12G Labs S.L.
License: Apache-2.0

Files: src/im_mad/collectd/SConstruct
Copyright: 2010-2015, C12G Labs S.L
License: Apache-2.0

Files: src/im_mad/remotes/*
Copyright: 2010-2015, C12G Labs S.L
License: Apache-2.0

Files: src/im_mad/remotes/common.d/*
Copyright: 2002-2015, OpenNebula Project (OpenNebula.org), C12G Labs
License: Apache-2.0

Files: src/im_mad/remotes/kvm-probes.d/*
Copyright: 2002-2015, OpenNebula Project (OpenNebula.org), C12G Labs
License: Apache-2.0

Files: src/im_mad/remotes/run_probes
 src/im_mad/remotes/stop_probes
Copyright: 2002-2015, OpenNebula Project (OpenNebula.org), C12G Labs
License: Apache-2.0

Files: src/im_mad/remotes/xen-probes.d/*
Copyright: 2002-2015, OpenNebula Project (OpenNebula.org), C12G Labs
License: Apache-2.0

Files: src/mad/utils/*
Copyright: 2010-2015, C12G Labs S.L
License: Apache-2.0

Files: src/mad/utils/tty_expect.c
Copyright: 2010-2015, C12G Labs S.L.
License: Apache-2.0

Files: src/oca/ruby/opennebula/oneflow_client.rb
Copyright: 2010-2015, C12G Labs S.L.
License: Apache-2.0

Files: src/scheduler/include/ClusterPoolXML.h
 src/scheduler/include/ClusterXML.h
Copyright: 2002-2015, OpenNebula Project Leads (OpenNebula.org)
License: Apache-2.0

Files: src/scheduler/src/pool/ClusterPoolXML.cc
Copyright: 2002-2015, OpenNebula Project Leads (OpenNebula.org)
License: Apache-2.0

Files: src/sunstone/models/SunstoneMarketplace.rb
Copyright: 2010-2015, C12G Labs S.L
License: Apache-2.0

Files: src/sunstone/public/css/*
Copyright: 2013, Samuel Mannehed for Cendio AB
 2012, Joel Martin
License: MPL-2.0

Files: src/sunstone/public/css/login.css
Copyright: 2002-2015, OpenNebula Project (OpenNebula.org), C12G Labs
License: Apache-2.0

Files: src/sunstone/public/vendor/*
Copyright: 2009-2012, Jeff Mott.
License: UNKNOWN

Files: src/sunstone/public/vendor/crypto-js/NOTICE
Copyright: Copyright 2009-2012,Jeff Mott
License: UNKNOWN

Files: src/sunstone/routes/*
Copyright: 2010-2015, C12G Labs S.L.
License: Apache-2.0

Files: src/template/*
Copyright: 1984, 1989, 1990, 2000-2013, Free Software Foundation, Inc.
License: GPL-3+

Files: src/template/SConstruct
 src/template/Template.cc
Copyright: 2002-2015, OpenNebula Project (OpenNebula.org), C12G Labs
License: Apache-2.0

Files: src/vm/vm_file_var_syntax.cc
 src/vm/vm_file_var_syntax.h
 src/vm/vm_var_syntax.cc
 src/vm/vm_var_syntax.h
Copyright: 1984, 1989, 1990, 2000-2013, Free Software Foundation, Inc.
License: GPL-3+

Files: src/vmm_mad/remotes/az/cancel
 src/vmm_mad/remotes/az/deploy
 src/vmm_mad/remotes/az/poll
 src/vmm_mad/remotes/az/reboot
 src/vmm_mad/remotes/az/restore
 src/vmm_mad/remotes/az/save
 src/vmm_mad/remotes/az/shutdown
Copyright: 2010-2015, C12G Labs S.L
License: Apache-2.0

Files: src/vmm_mad/remotes/ec2/cancel
 src/vmm_mad/remotes/ec2/deploy
 src/vmm_mad/remotes/ec2/poll
 src/vmm_mad/remotes/ec2/reboot
 src/vmm_mad/remotes/ec2/restore
 src/vmm_mad/remotes/ec2/save
 src/vmm_mad/remotes/ec2/shutdown
Copyright: 2010-2015, C12G Labs S.L
License: Apache-2.0

Files: src/vmm_mad/remotes/sl/cancel
 src/vmm_mad/remotes/sl/deploy
 src/vmm_mad/remotes/sl/poll
 src/vmm_mad/remotes/sl/reboot
 src/vmm_mad/remotes/sl/restore
 src/vmm_mad/remotes/sl/save
 src/vmm_mad/remotes/sl/shutdown
Copyright: 2010-2015, C12G Labs S.L
License: Apache-2.0

Files: src/vmm_mad/remotes/vcenter/*
Copyright: 2010-2015, C12G Labs S.L
License: Apache-2.0

Files: src/vmm_mad/remotes/vcenter/attach_disk
 src/vmm_mad/remotes/vcenter/attach_nic
 src/vmm_mad/remotes/vcenter/detach_disk
 src/vmm_mad/remotes/vcenter/detach_nic
 src/vmm_mad/remotes/vcenter/migrate
Copyright: 2002-2015, OpenNebula Project (OpenNebula.org), C12G Labs
License: Apache-2.0

Files: src/vmm_mad/remotes/vmware/*
Copyright: 2010-2015, C12G Labs S.L
License: Apache-2.0

Files: src/vmm_mad/remotes/vmware/attach_disk
 src/vmm_mad/remotes/vmware/attach_nic
 src/vmm_mad/remotes/vmware/detach_disk
 src/vmm_mad/remotes/vmware/detach_nic
 src/vmm_mad/remotes/vmware/scripts_common_sh.sh
Copyright: 2002-2015, OpenNebula Project (OpenNebula.org), C12G Labs
License: Apache-2.0

Files: src/xml/*
Copyright: 1984, 1989, 1990, 2000-2013, Free Software Foundation, Inc.
License: GPL-3+

Files: src/xml/ObjectXML.cc
 src/xml/SConstruct
Copyright: 2002-2015, OpenNebula Project (OpenNebula.org), C12G Labs
License: Apache-2.0

