Files: *
Copyright: 2010-2016, the Rakudo Star Team.
License: Artistic-2.0

Files: Configure.pl
Copyright: 2009-2016, The Perl Foundation
License: UNKNOWN

Files: modules/*
Copyright: 2010, 2012-2015, Tadeusz Sośnierz
License: Expat

Files: modules/doc/*
Copyright: 2015, jQuery Foundation and other contributors; Licensed MIT
License: UNKNOWN

Files: modules/doc/html/js/jquery-1.11.3.min.js
Copyright: 2005, 2015, jQuery Foundation, Inc. | jquery.org/license
License: UNKNOWN

Files: modules/doc/html/js/jquery.cookie.js
Copyright: 2006, 2015, Klaus Hartl & Fagner Brack
License: UNKNOWN

Files: modules/json/*
Copyright: no-info-found
License: Artistic-2

Files: modules/json_fast/*
Copyright: 2015
License: Artistic-2.0

Files: modules/p6-file-directory-tree/*
Copyright: This code is free software, licensed under the same terms as Perl 6; see the LICENSE file for details.
License: UNKNOWN

Files: modules/panda/ext/File__Which/*
Copyright: 2016, Ahmad M. Zawawi
License: Expat

Files: modules/panda/ext/File__Which/lib/*
Copyright: 2016, Ahmad M. Zawawi
License: UNKNOWN

Files: modules/panda/ext/JSON__Fast/*
Copyright: 2015
License: Artistic-2.0

Files: modules/perl6-http-status/*
Copyright: no-info-found
License: Artistic-2.0

Files: modules/svg/*
Copyright: no-info-found
License: Artistic-2.0

Files: modules/xml-writer/*
Copyright: 2009, 2010, the XML::Writer contributors (as listed in AUTHORS).
License: UNKNOWN

Files: tools/*
Copyright: 2006-2016, The Perl Foundation.
License: UNKNOWN

