Files: *
Copyright: 1997-2014, Sam Lantinga <slouken@libsdl.org>
License: Zlib

Files: acinclude/*
Copyright: 2004, 2005, 2007-2009, Free Software Foundation, Inc.
License: UNKNOWN

Files: acinclude/ax_check_compiler_flags.m4
 acinclude/ax_gcc_archflag.m4
Copyright: 2008, 2009, Steven G. Johnson <stevenj@alum.mit.edu>
 2008, 2009, Matteo Frigo
License: GPL-3+

Files: acinclude/libtool.m4
Copyright: 1996-2001, 2003-2011, Free Software
License: GPL-2+

Files: acinclude/ltoptions.m4
Copyright: 2004, 2005, 2007-2009, Free Software Foundation
License: UNKNOWN

Files: build-scripts/*
Copyright: 1996-2001, 2003-2011, Free Software Foundation, Inc.
License: GPL-2+

Files: configure
Copyright: 1992-1996, 1998-2012, Free Software Foundation, Inc.
License: FSFUL

Files: src/libm/*
Copyright: 1993, Sun Microsystems, Inc.
License: UNKNOWN

Files: src/libm/math_libm.h
Copyright: 1997-2014, Sam Lantinga <slouken@libsdl.org>
License: Zlib

Files: src/render/software/SDL_rotate.c
Copyright: follows: / 2001-2011, Andreas Schiffler
License: Zlib

Files: src/stdlib/SDL_qsort.c
Copyright: 1998, Gareth McCaughan
License: UNKNOWN

Files: src/test/SDL_test_md5.c
Copyright: 1997-2014, Sam Lantinga <slouken@libsdl.org>
License: NTP and/or Zlib

Files: src/video/x11/edid-parse.c
Copyright: 2007, Red Hat, Inc.
License: UNKNOWN

Files: src/video/x11/imKStoUCS.c
 src/video/x11/imKStoUCS.h
Copyright: 1994-2003, The XFree86 Project, Inc.
License: Expat

Files: test/*
Copyright: 1997-2014, Sam Lantinga <slouken@libsdl.org>
License: UNKNOWN

Files: test/configure
Copyright: 1992-1996, 1998-2012, Free Software Foundation, Inc.
License: FSFUL

Files: test/testhaptic.c
 test/testrumble.c
Copyright: 1997-2014, Sam Lantinga <slouken@libsdl.org>
License: BSD-3-clause

